<?xml version="1.0" encoding="UTF-8"?>
<!-- Generated by org.testng.reporters.JUnitReportReporter -->
<testsuite hostname="user-pc" name="WeAPI.API" tests="1" failures="0" timestamp="8 Aug 2017 06:57:01 GMT" time="18.815" errors="0">
  <testcase name="windows" time="18.815" classname="WeAPI.API"/>
</testsuite> <!-- WeAPI.API -->
