<?xml version="1.0" encoding="UTF-8"?>
<!-- Generated by org.testng.reporters.JUnitReportReporter -->
<testsuite hostname="shty-qc-wujj" name="testcase.BaseData.salesTerritoryManage" tests="2" failures="0" timestamp="15 Sep 2017 07:32:37 GMT" time="9.894" errors="0">
  <testcase name="logIn" time="3.609" classname="testcase.BaseData.salesTerritoryManage"/>
  <testcase name="addSalesTerritory" time="6.285" classname="testcase.BaseData.salesTerritoryManage"/>
</testsuite> <!-- testcase.BaseData.salesTerritoryManage -->
