<?xml version="1.0" encoding="UTF-8"?>
<!-- Generated by org.testng.reporters.JUnitReportReporter -->
<testsuite hostname="shty-qc-wujj" name="testcase.BaseData.WordbookManage" tests="3" failures="0" timestamp="20 Sep 2017 09:13:41 GMT" time="10.803" errors="0">
  <testcase name="logIn" time="3.588" classname="testcase.BaseData.WordbookManage"/>
  <testcase name="newData" time="5.989" classname="testcase.BaseData.WordbookManage"/>
  <testcase name="delData" time="1.226" classname="testcase.BaseData.WordbookManage"/>
</testsuite> <!-- testcase.BaseData.WordbookManage -->
