<?xml version="1.0" encoding="UTF-8"?>
<!-- Generated by org.testng.reporters.JUnitReportReporter -->
<testsuite hostname="user-pc" name="testcase.wrongPorN" tests="3" failures="0" timestamp="11 May 2017 01:10:21 GMT" time="10.812" errors="0">
  <testcase name="logInwpwd" time="4.423" classname="testcase.wrongPorN"/>
  <testcase name="logInNoUsn" time="3.174" classname="testcase.wrongPorN"/>
  <testcase name="logInwusn" time="3.215" classname="testcase.wrongPorN"/>
</testsuite> <!-- testcase.wrongPorN -->
