<?xml version="1.0" encoding="UTF-8"?>
<!-- Generated by org.testng.reporters.JUnitReportReporter -->
<testsuite hostname="shty-qc-wujj" name="testcase.newWorkspace" tests="2" failures="0" timestamp="7 Sep 2017 07:48:14 GMT" time="17.782" errors="0">
  <testcase name="logIn" time="4.733" classname="testcase.newWorkspace"/>
  <testcase name="newFactory" time="13.049" classname="testcase.newWorkspace"/>
</testsuite> <!-- testcase.newWorkspace -->
