<?xml version="1.0" encoding="UTF-8"?>
<!-- Generated by org.testng.reporters.JUnitReportReporter -->
<testsuite hostname="user-pc" name="testcase.wrongNorP" tests="2" failures="0" timestamp="27 Apr 2017 02:18:42 GMT" time="1.924" errors="0">
  <testcase name="login" time="1.619" classname="testcase.wrongNorP"/>
  <testcase name="login" time="0.305" classname="testcase.wrongNorP"/>
</testsuite> <!-- testcase.wrongNorP -->
