<?xml version="1.0" encoding="UTF-8"?>
<!-- Generated by org.testng.reporters.JUnitReportReporter -->
<testsuite hostname="shty-qc-wujj" name="testcase.newFactorys" tests="7" failures="0" timestamp="7 Sep 2017 08:38:50 GMT" time="81.092" errors="0">
  <testcase name="addFactory" time="12.603" classname="testcase.newFactorys"/>
  <testcase name="addFactory" time="12.727" classname="testcase.newFactorys"/>
  <testcase name="addFactory" time="12.680" classname="testcase.newFactorys"/>
  <testcase name="logIn" time="5.260" classname="testcase.newFactorys"/>
  <testcase name="addFactory" time="12.586" classname="testcase.newFactorys"/>
  <testcase name="addFactory" time="12.615" classname="testcase.newFactorys"/>
  <testcase name="addFactory" time="12.621" classname="testcase.newFactorys"/>
</testsuite> <!-- testcase.newFactorys -->
