<?xml version="1.0" encoding="UTF-8"?>
<!-- Generated by org.testng.reporters.JUnitReportReporter -->
<testsuite hostname="shty-qc-wujj" name="systemplatform.UserManage" tests="4" failures="0" timestamp="22 Sep 2017 06:46:41 GMT" time="32.220" errors="0">
  <testcase name="logIn" time="4.184" classname="systemplatform.UserManage"/>
  <testcase name="newUser" time="13.703" classname="systemplatform.UserManage"/>
  <testcase name="alterUser" time="5.893" classname="systemplatform.UserManage"/>
  <testcase name="stopUser" time="8.440" classname="systemplatform.UserManage"/>
</testsuite> <!-- systemplatform.UserManage -->
