<?xml version="1.0" encoding="UTF-8"?>
<!-- Generated by org.testng.reporters.JUnitReportReporter -->
<testsuite hostname="shty-qc-wujj" name="testcase.BaseData.ProductManage" tests="4" failures="0" timestamp="20 Sep 2017 08:58:43 GMT" time="60.396" errors="0">
  <testcase name="logIn" time="3.377" classname="testcase.BaseData.ProductManage"/>
  <testcase name="newProduct" time="7.669" classname="testcase.BaseData.ProductManage"/>
  <testcase name="leadinProduct" time="42.242" classname="testcase.BaseData.ProductManage"/>
  <testcase name="delProduct" time="7.108" classname="testcase.BaseData.ProductManage"/>
</testsuite> <!-- testcase.BaseData.ProductManage -->
