<?xml version="1.0" encoding="UTF-8"?>
<!-- Generated by org.testng.reporters.JUnitReportReporter -->
<testsuite hostname="user-pc" name="testcase.MultipleBrowserTest" tests="3" failures="0" timestamp="23 Jun 2017 02:05:34 GMT" time="17.561" errors="0">
  <testcase name="testCaihong" time="4.787" classname="testcase.MultipleBrowserTest"/>
  <testcase name="testCaihong" time="5.379" classname="testcase.MultipleBrowserTest"/>
  <testcase name="testCaihong" time="7.395" classname="testcase.MultipleBrowserTest"/>
</testsuite> <!-- testcase.MultipleBrowserTest -->
