<?xml version="1.0" encoding="UTF-8"?>
<!-- Generated by org.testng.reporters.JUnitReportReporter -->
<testsuite hostname="user-pc" name="testcase.loginCaihong" tests="3" failures="0" timestamp="29 Mar 2017 08:12:00 GMT" time="26.171" errors="0">
  <testcase name="newPlan" time="8.381" classname="testcase.loginCaihong"/>
  <testcase name="Login" time="6.214" classname="testcase.loginCaihong"/>
  <testcase name="pdcManage" time="11.576" classname="testcase.loginCaihong"/>
</testsuite> <!-- testcase.loginCaihong -->
