<?xml version="1.0" encoding="UTF-8"?>
<!-- Generated by org.testng.reporters.JUnitReportReporter -->
<testsuite hostname="shty-qc-wujj" name="testcase.BaseData.DealerManage" tests="4" failures="0" timestamp="20 Sep 2017 09:02:32 GMT" time="40.834" errors="0">
  <testcase name="logIn" time="2.963" classname="testcase.BaseData.DealerManage"/>
  <testcase name="loadin" time="25.434" classname="testcase.BaseData.DealerManage"/>
  <testcase name="newLeader" time="10.208" classname="testcase.BaseData.DealerManage"/>
  <testcase name="delLeader" time="2.229" classname="testcase.BaseData.DealerManage"/>
</testsuite> <!-- testcase.BaseData.DealerManage -->
