<?xml version="1.0" encoding="UTF-8"?>
<!-- Generated by org.testng.reporters.JUnitReportReporter -->
<testsuite hostname="shty-qc-wujj" name="testcase.BaseData.facManage" tests="3" failures="0" timestamp="15 Sep 2017 06:36:36 GMT" time="24.011" errors="0">
  <testcase name="logIn" time="4.695" classname="testcase.BaseData.facManage"/>
  <testcase name="newFactory" time="12.876" classname="testcase.BaseData.facManage"/>
  <testcase name="DelFactory" time="6.440" classname="testcase.BaseData.facManage"/>
</testsuite> <!-- testcase.BaseData.facManage -->
