<?xml version="1.0" encoding="UTF-8"?>
<!-- Generated by org.testng.reporters.JUnitReportReporter -->
<testsuite hostname="shty-qc-wujj" name="testcase.BaseData.FacManage" tests="3" failures="0" timestamp="21 Sep 2017 02:46:00 GMT" time="24.419" errors="0">
  <testcase name="newFactory" time="12.807" classname="testcase.BaseData.FacManage"/>
  <testcase name="DelFactory" time="6.436" classname="testcase.BaseData.FacManage"/>
  <testcase name="logIn" time="5.176" classname="testcase.BaseData.FacManage"/>
</testsuite> <!-- testcase.BaseData.FacManage -->
