<?xml version="1.0" encoding="UTF-8"?>
<!-- Generated by org.testng.reporters.JUnitReportReporter -->
<testsuite hostname="shty-qc-wujj" name="testcase.BaseData.FacManage" tests="3" failures="0" timestamp="20 Sep 2017 08:55:52 GMT" time="24.365" errors="0">
  <testcase name="newFactory" time="12.875" classname="testcase.BaseData.FacManage"/>
  <testcase name="DelFactory" time="6.456" classname="testcase.BaseData.FacManage"/>
  <testcase name="logIn" time="5.034" classname="testcase.BaseData.FacManage"/>
</testsuite> <!-- testcase.BaseData.FacManage -->
