<?xml version="1.0" encoding="UTF-8"?>
<!-- Generated by org.testng.reporters.JUnitReportReporter -->
<testsuite hostname="shty-qc-wujj" name="testcase.BaseData.DataManage" tests="3" failures="0" timestamp="20 Sep 2017 07:54:16 GMT" time="10.261" errors="0">
  <testcase name="logIn" time="2.911" classname="testcase.BaseData.DataManage"/>
  <testcase name="newData" time="6.121" classname="testcase.BaseData.DataManage"/>
  <testcase name="delData" time="1.229" classname="testcase.BaseData.DataManage"/>
</testsuite> <!-- testcase.BaseData.DataManage -->
