<?xml version="1.0" encoding="UTF-8"?>
<!-- Generated by org.testng.reporters.JUnitReportReporter -->
<testsuite hostname="shty-qc-wujj" name="testcase.BaseData.CompanyManage" tests="3" failures="0" timestamp="20 Sep 2017 09:57:32 GMT" time="30.965" errors="0">
  <testcase name="logIn" time="3.350" classname="testcase.BaseData.CompanyManage"/>
  <testcase name="delCompany" time="8.775" classname="testcase.BaseData.CompanyManage"/>
  <testcase name="newCompany" time="18.840" classname="testcase.BaseData.CompanyManage"/>
</testsuite> <!-- testcase.BaseData.CompanyManage -->
