<?xml version="1.0" encoding="UTF-8"?>
<!-- Generated by org.testng.reporters.JUnitReportReporter -->
<testsuite hostname="shty-qc-wujj" name="testcase.newFactory" tests="3" failures="0" timestamp="11 Sep 2017 04:33:41 GMT" time="24.374" errors="0">
  <testcase name="logIn" time="5.017" classname="testcase.newFactory"/>
  <testcase name="newFactory" time="12.842" classname="testcase.newFactory"/>
  <testcase name="DelFactory" time="6.515" classname="testcase.newFactory"/>
</testsuite> <!-- testcase.newFactory -->
