<?xml version="1.0" encoding="UTF-8"?>
<!-- Generated by org.testng.reporters.JUnitReportReporter -->
<testsuite hostname="user-pc" name="testcase.wrongNorP" tests="2" failures="0" timestamp="12 Apr 2017 07:33:39 GMT" time="1.734" errors="0">
  <testcase name="login" time="1.304" classname="testcase.wrongNorP"/>
  <testcase name="login" time="0.430" classname="testcase.wrongNorP"/>
</testsuite> <!-- testcase.wrongNorP -->
