<?xml version="1.0" encoding="UTF-8"?>
<!-- Generated by org.testng.reporters.JUnitReportReporter -->
<testsuite hostname="user-pc" name="testcase.testBaidu" tests="1" failures="0" timestamp="22 Jun 2017 04:37:12 GMT" time="4.498" errors="0">
  <testcase name="test" time="4.498" classname="testcase.testBaidu"/>
</testsuite> <!-- testcase.testBaidu -->
