<?xml version="1.0" encoding="UTF-8"?>
<!-- Generated by org.testng.reporters.JUnitReportReporter -->
<testsuite hostname="user-pc" name="WeAPI.API" tests="1" failures="0" timestamp="30 Jun 2017 09:20:15 GMT" time="0.417" errors="0">
  <testcase name="doubleClick" time="0.417" classname="WeAPI.API"/>
</testsuite> <!-- WeAPI.API -->
