<?xml version="1.0" encoding="UTF-8"?>
<!-- Generated by org.testng.reporters.JUnitReportReporter -->
<testsuite hostname="shty-qc-wujj" name="testcase.BaseData.ttt" tests="1" failures="0" timestamp="30 Sep 2017 05:28:30 GMT" time="2.453" errors="0">
  <testcase name="login2" time="2.453" classname="testcase.BaseData.ttt"/>
</testsuite> <!-- testcase.BaseData.ttt -->
