<?xml version="1.0" encoding="UTF-8"?>
<!-- Generated by org.testng.reporters.JUnitReportReporter -->
<testsuite hostname="shty-qc-wujj" name="systemplatform.UserManage" tests="4" failures="0" timestamp="28 Sep 2017 07:25:17 GMT" time="31.042" errors="0">
  <testcase name="newUser" time="13.751" classname="systemplatform.UserManage"/>
  <testcase name="logIn" time="2.885" classname="systemplatform.UserManage"/>
  <testcase name="alterUser" time="5.868" classname="systemplatform.UserManage"/>
  <testcase name="stopUser" time="8.538" classname="systemplatform.UserManage"/>
</testsuite> <!-- systemplatform.UserManage -->
