<?xml version="1.0" encoding="UTF-8"?>
<!-- Generated by org.testng.reporters.JUnitReportReporter -->
<testsuite hostname="shty-qc-wujj" name="testcase.BaseData.ttt" tests="1" failures="0" timestamp="27 Sep 2017 07:30:11 GMT" time="1.769" errors="0">
  <testcase name="login" time="1.769" classname="testcase.BaseData.ttt"/>
</testsuite> <!-- testcase.BaseData.ttt -->
