<?xml version="1.0" encoding="UTF-8"?>
<!-- Generated by org.testng.reporters.JUnitReportReporter -->
<testsuite hostname="shty-qc-wujj" name="testcase.BaseData.test" tests="4" failures="0" timestamp="25 Sep 2017 08:37:28 GMT" time="58.540" errors="0">
  <testcase name="logIn" time="2.570" classname="testcase.BaseData.test"/>
  <testcase name="newProduct" time="7.435" classname="testcase.BaseData.test"/>
  <testcase name="delProduct" time="6.838" classname="testcase.BaseData.test"/>
  <testcase name="leadinProduct" time="41.697" classname="testcase.BaseData.test"/>
</testsuite> <!-- testcase.BaseData.test -->
