<?xml version="1.0" encoding="UTF-8"?>
<!-- Generated by org.testng.reporters.JUnitReportReporter -->
<testsuite hostname="user-pc" name="testcase.loginCaihong" tests="3" failures="0" timestamp="30 Mar 2017 02:53:25 GMT" time="25.788" errors="0">
  <testcase name="Login" time="5.902" classname="testcase.loginCaihong"/>
  <testcase name="newPlan" time="8.365" classname="testcase.loginCaihong"/>
  <testcase name="pdcManage" time="11.521" classname="testcase.loginCaihong"/>
</testsuite> <!-- testcase.loginCaihong -->
