<?xml version="1.0" encoding="UTF-8"?>
<!-- Generated by org.testng.reporters.JUnitReportReporter -->
<testsuite hostname="shty-qc-wujj" name="testcase.BaseData.CompanyManage" tests="3" failures="0" timestamp="21 Sep 2017 02:53:22 GMT" time="31.591" errors="0">
  <testcase name="logIn" time="3.218" classname="testcase.BaseData.CompanyManage"/>
  <testcase name="delCompany" time="9.553" classname="testcase.BaseData.CompanyManage"/>
  <testcase name="newCompany" time="18.820" classname="testcase.BaseData.CompanyManage"/>
</testsuite> <!-- testcase.BaseData.CompanyManage -->
