<?xml version="1.0" encoding="UTF-8"?>
<!-- Generated by org.testng.reporters.JUnitReportReporter -->
<testsuite hostname="user-pc" name="testcase.loginCaihong" tests="4" failures="0" timestamp="11 May 2017 07:30:53 GMT" time="34.499" errors="0">
  <testcase name="Login" time="8.032" classname="testcase.loginCaihong"/>
  <testcase name="newPlan" time="8.385" classname="testcase.loginCaihong"/>
  <testcase name="pdcManage" time="11.522" classname="testcase.loginCaihong"/>
  <testcase name="newPtoPlan" time="6.560" classname="testcase.loginCaihong"/>
</testsuite> <!-- testcase.loginCaihong -->
