<?xml version="1.0" encoding="UTF-8"?>
<!-- Generated by org.testng.reporters.JUnitReportReporter -->
<testsuite hostname="shty-qc-wujj" name="testcase.BaseData.salesAreaManage" tests="3" failures="0" timestamp="18 Sep 2017 09:54:16 GMT" time="33.067" errors="0">
  <testcase name="logIn" time="3.188" classname="testcase.BaseData.salesAreaManage"/>
  <testcase name="leadinSalesarea" time="23.623" classname="testcase.BaseData.salesAreaManage"/>
  <testcase name="addSalesArea" time="6.256" classname="testcase.BaseData.salesAreaManage"/>
</testsuite> <!-- testcase.BaseData.salesAreaManage -->
