<?xml version="1.0" encoding="UTF-8"?>
<!-- Generated by org.testng.reporters.JUnitReportReporter -->
<testsuite hostname="shty-qc-wujj" name="testcase.BaseData.WordbookManage" tests="3" failures="0" timestamp="21 Sep 2017 02:53:54 GMT" time="14.828" errors="0">
  <testcase name="logIn" time="3.642" classname="testcase.BaseData.WordbookManage"/>
  <testcase name="newData" time="7.951" classname="testcase.BaseData.WordbookManage"/>
  <testcase name="delData" time="3.235" classname="testcase.BaseData.WordbookManage"/>
</testsuite> <!-- testcase.BaseData.WordbookManage -->
