<?xml version="1.0" encoding="UTF-8"?>
<!-- Generated by org.testng.reporters.JUnitReportReporter -->
<testsuite hostname="shty-qc-wujj" name="testcase.BaseData.DealerManage" tests="4" failures="0" timestamp="21 Sep 2017 02:32:03 GMT" time="38.831" errors="0">
  <testcase name="logIn" time="3.814" classname="testcase.BaseData.DealerManage"/>
  <testcase name="newLeader" time="12.332" classname="testcase.BaseData.DealerManage"/>
  <testcase name="loadin" time="20.408" classname="testcase.BaseData.DealerManage"/>
  <testcase name="delLeader" time="2.277" classname="testcase.BaseData.DealerManage"/>
</testsuite> <!-- testcase.BaseData.DealerManage -->
