<?xml version="1.0" encoding="UTF-8"?>
<!-- Generated by org.testng.reporters.JUnitReportReporter -->
<testsuite hostname="shty-qc-wujj" name="systemplatform.RoleManage" tests="3" failures="0" timestamp="28 Sep 2017 07:23:45 GMT" time="20.138" errors="0">
  <testcase name="delRole" time="7.437" classname="systemplatform.RoleManage"/>
  <testcase name="newRole" time="8.853" classname="systemplatform.RoleManage"/>
  <testcase name="logIn" time="3.848" classname="systemplatform.RoleManage"/>
</testsuite> <!-- systemplatform.RoleManage -->
