<?xml version="1.0" encoding="UTF-8"?>
<!-- Generated by org.testng.reporters.JUnitReportReporter -->
<testsuite hostname="shty-qc-wujj" name="testcase.BaseData.ttt" tests="1" failures="0" timestamp="25 Sep 2017 04:14:55 GMT" time="2.451" errors="0">
  <testcase name="logIn" time="2.451" classname="testcase.BaseData.ttt"/>
</testsuite> <!-- testcase.BaseData.ttt -->
