<?xml version="1.0" encoding="UTF-8"?>
<!-- Generated by org.testng.reporters.JUnitReportReporter -->
<testsuite hostname="shty-qc-wujj" name="testcase.BaseData.ProductManage" tests="4" failures="0" timestamp="25 Sep 2017 06:42:22 GMT" time="60.361" errors="0">
  <testcase name="logIn" time="3.143" classname="testcase.BaseData.ProductManage"/>
  <testcase name="newProduct" time="7.687" classname="testcase.BaseData.ProductManage"/>
  <testcase name="leadinProduct" time="42.277" classname="testcase.BaseData.ProductManage"/>
  <testcase name="delProduct" time="7.254" classname="testcase.BaseData.ProductManage"/>
</testsuite> <!-- testcase.BaseData.ProductManage -->
