<?xml version="1.0" encoding="UTF-8"?>
<!-- Generated by org.testng.reporters.JUnitReportReporter -->
<testsuite hostname="shty-qc-wujj" name="testcase.facManage" tests="3" failures="0" timestamp="15 Sep 2017 06:27:37 GMT" time="23.990" errors="0">
  <testcase name="logIn" time="4.717" classname="testcase.facManage"/>
  <testcase name="newFactory" time="12.832" classname="testcase.facManage"/>
  <testcase name="DelFactory" time="6.441" classname="testcase.facManage"/>
</testsuite> <!-- testcase.facManage -->
