<?xml version="1.0" encoding="UTF-8"?>
<!-- Generated by org.testng.reporters.JUnitReportReporter -->
<testsuite hostname="user-pc" name="testcase.loginCaihong" tests="1" failures="0" timestamp="23 Jun 2017 07:07:18 GMT" time="7.938" errors="0">
  <testcase name="Login" time="7.938" classname="testcase.loginCaihong"/>
</testsuite> <!-- testcase.loginCaihong -->
