<?xml version="1.0" encoding="UTF-8"?>
<!-- Generated by org.testng.reporters.JUnitReportReporter -->
<testsuite hostname="shty-qc-wujj" name="systemplatform.RoleManage" tests="3" failures="0" timestamp="25 Sep 2017 06:21:03 GMT" time="19.703" errors="0">
  <testcase name="logIn" time="3.305" classname="systemplatform.RoleManage"/>
  <testcase name="newRole" time="8.955" classname="systemplatform.RoleManage"/>
  <testcase name="delRole" time="7.443" classname="systemplatform.RoleManage"/>
</testsuite> <!-- systemplatform.RoleManage -->
