<?xml version="1.0" encoding="UTF-8"?>
<!-- Generated by org.testng.reporters.JUnitReportReporter -->
<testsuite hostname="user-pc" name="testcase.MultipleBrowserTest" tests="3" failures="0" timestamp="20 Jun 2017 03:17:18 GMT" time="15.257" errors="0">
  <testcase name="testCaihong" time="4.472" classname="testcase.MultipleBrowserTest"/>
  <testcase name="testCaihong" time="4.340" classname="testcase.MultipleBrowserTest"/>
  <testcase name="testCaihong" time="6.445" classname="testcase.MultipleBrowserTest"/>
</testsuite> <!-- testcase.MultipleBrowserTest -->
